<?xml version="1.0" encoding="UTF-8"?>
<testsuite name="com.tableorder.order.service.OrderServiceTest" tests="4" skipped="0" failures="0" errors="0" timestamp="2026-04-30T07:19:50" hostname="syn-172-100-010-170.res.spectrum.com" time="0.605">
  <properties/>
  <testcase name="주문 생성 성공" classname="com.tableorder.order.service.OrderServiceTest" time="0.59"/>
  <testcase name="주문 상태 변경 성공 - PENDING → ACCEPTED" classname="com.tableorder.order.service.OrderServiceTest" time="0.003"/>
  <testcase name="주문 상태 변경 실패 - 잘못된 전이" classname="com.tableorder.order.service.OrderServiceTest" time="0.003"/>
  <testcase name="주문 삭제 성공" classname="com.tableorder.order.service.OrderServiceTest" time="0.005"/>
  <system-out><![CDATA[16:19:51.491 [Test worker] INFO com.tableorder.order.service.OrderService -- Order created: storeId=1, tableId=1, orderNumber=20260430-161951-JNTF, totalAmount=9000
16:19:51.521 [Test worker] INFO com.tableorder.order.service.OrderService -- Order status changed: orderId=100, PENDING -> ACCEPTED
16:19:51.528 [Test worker] INFO com.tableorder.order.service.OrderService -- Order deleted: storeId=1, orderId=100
]]></system-out>
  <system-err><![CDATA[Mockito is currently self-attaching to enable the inline-mock-maker. This will no longer work in future releases of the JDK. Please add Mockito as an agent to your build what is described in Mockito's documentation: https://javadoc.io/doc/org.mockito/mockito-core/latest/org/mockito/Mockito.html#0.3
]]></system-err>
</testsuite>
