<?xml version="1.0" encoding="UTF-8"?>
<testsuite name="com.tableorder.menu.service.MenuServiceTest" tests="3" skipped="0" failures="0" errors="0" timestamp="2026-04-30T07:19:49" hostname="syn-172-100-010-170.res.spectrum.com" time="0.609">
  <properties/>
  <testcase name="메뉴 등록 실패 - 존재하지 않는 소분류" classname="com.tableorder.menu.service.MenuServiceTest" time="0.591"/>
  <testcase name="메뉴 삭제 성공" classname="com.tableorder.menu.service.MenuServiceTest" time="0.009"/>
  <testcase name="메뉴 등록 성공" classname="com.tableorder.menu.service.MenuServiceTest" time="0.008"/>
  <system-out><![CDATA[16:19:50.311 [Test worker] INFO com.tableorder.menu.service.MenuService -- MenuItem deleted: storeId=1, menuId=1
16:19:50.320 [Test worker] INFO com.tableorder.menu.service.MenuService -- MenuItem created: storeId=1, name=아메리카노, price=4500
]]></system-out>
  <system-err><![CDATA[Mockito is currently self-attaching to enable the inline-mock-maker. This will no longer work in future releases of the JDK. Please add Mockito as an agent to your build what is described in Mockito's documentation: https://javadoc.io/doc/org.mockito/mockito-core/latest/org/mockito/Mockito.html#0.3
]]></system-err>
</testsuite>
