<?xml version="1.0" encoding="UTF-8"?>
<testsuite name="com.tableorder.table.service.TableServiceTest" tests="3" skipped="0" failures="0" errors="0" timestamp="2026-04-30T07:19:52" hostname="syn-172-100-010-170.res.spectrum.com" time="0.545">
  <properties/>
  <testcase name="테이블 목록 조회 성공" classname="com.tableorder.table.service.TableServiceTest" time="0.536"/>
  <testcase name="테이블 등록 실패 - 중복 테이블 번호" classname="com.tableorder.table.service.TableServiceTest" time="0.003"/>
  <testcase name="테이블 등록 성공" classname="com.tableorder.table.service.TableServiceTest" time="0.005"/>
  <system-out><![CDATA[16:19:52.656 [Test worker] INFO com.tableorder.table.service.TableService -- Table created: storeId=1, tableNumber=A1
]]></system-out>
  <system-err><![CDATA[Mockito is currently self-attaching to enable the inline-mock-maker. This will no longer work in future releases of the JDK. Please add Mockito as an agent to your build what is described in Mockito's documentation: https://javadoc.io/doc/org.mockito/mockito-core/latest/org/mockito/Mockito.html#0.3
]]></system-err>
</testsuite>
